c:\users\jake\desktop\bakkesmodplugins\bakkesmod-cameraplugin\release\cameraplugin.lib
c:\users\jake\desktop\bakkesmodplugins\bakkesmod-cameraplugin\release\cameraplugin.exp
c:\users\jake\desktop\bakkesmodplugins\bakkesmod-cameraplugin\release\cameraplugin.ipdb
c:\users\jake\desktop\bakkesmodplugins\bakkesmod-cameraplugin\release\cameraplugin.iobj
c:\users\jake\desktop\bakkesmodplugins\bakkesmod-cameraplugin\cameraplugin\release\cameraplugin.pch
c:\users\jake\desktop\bakkesmodplugins\bakkesmod-cameraplugin\cameraplugin\release\vc141.pdb
c:\users\jake\desktop\bakkesmodplugins\bakkesmod-cameraplugin\cameraplugin\release\pch.obj
c:\users\jake\desktop\bakkesmodplugins\bakkesmod-cameraplugin\cameraplugin\release\dllmain.obj
c:\users\jake\desktop\bakkesmodplugins\bakkesmod-cameraplugin\cameraplugin\release\cameraplugin.obj
c:\users\jake\desktop\bakkesmodplugins\bakkesmod-cameraplugin\release\cameraplugin.dll
c:\users\jake\desktop\bakkesmodplugins\bakkesmod-cameraplugin\release\cameraplugin.pdb
c:\users\jake\desktop\bakkesmodplugins\cameraplugin\cameraplugin\release\cameraplugin.obj
c:\users\jake\desktop\bakkesmodplugins\cameraplugin\cameraplugin\release\dllmain.obj
c:\users\jake\desktop\bakkesmodplugins\cameraplugin\cameraplugin\release\pch.obj
c:\users\jake\desktop\bakkesmodplugins\cameraplugin\cameraplugin\release\cameraplugin.pch
c:\users\jake\desktop\bakkesmodplugins\cameraplugin\cameraplugin\release\vc141.pdb
c:\users\jake\desktop\bakkesmodplugins\cameraplugin\release\cameraplugin.pdb
c:\users\jake\desktop\bakkesmodplugins\cameraplugin\release\cameraplugin.dll
c:\users\jake\desktop\bakkesmodplugins\cameraplugin\cameraplugin\release\cameraplugin.tlog\cameraplugin.write.1u.tlog
c:\users\jake\desktop\bakkesmodplugins\cameraplugin\cameraplugin\release\cameraplugin.tlog\cl.command.1.tlog
c:\users\jake\desktop\bakkesmodplugins\cameraplugin\cameraplugin\release\cameraplugin.tlog\cl.read.1.tlog
c:\users\jake\desktop\bakkesmodplugins\cameraplugin\cameraplugin\release\cameraplugin.tlog\cl.write.1.tlog
c:\users\jake\desktop\bakkesmodplugins\cameraplugin\cameraplugin\release\cameraplugin.tlog\link.command.1.tlog
c:\users\jake\desktop\bakkesmodplugins\cameraplugin\cameraplugin\release\cameraplugin.tlog\link.read.1.tlog
c:\users\jake\desktop\bakkesmodplugins\cameraplugin\cameraplugin\release\cameraplugin.tlog\link.write.1.tlog
